<?xml version="1.0" encoding="UTF-8"?>
<!-- Generated by org.testng.reporters.JUnitReportReporter -->
<testsuite skipped="0" hostname="HP-RENTAL35" name="com.datainput.testng.DataProviderInput" tests="1" failures="0" timestamp="11 Jul 2018 08:39:09 GMT" time="57.091" errors="0">
  <testcase name="firefoxtest" time="57.091" classname="com.datainput.testng.DataProviderInput"/>
</testsuite> <!-- com.datainput.testng.DataProviderInput -->
